{"D:\\Workshop\\unitTest\\Jest\\cal.ts": {"path":"D:\\Workshop\\unitTest\\Jest\\cal.ts","statementMap":{"0":{"start":{"line":2,"column":4},"end":{"line":2,"column":17}},"1":{"start":{"line":1,"column":0},"end":{"line":1,"column":16}},"2":{"start":{"line":6,"column":4},"end":{"line":6,"column":17}},"3":{"start":{"line":5,"column":0},"end":{"line":5,"column":16}}},"fnMap":{"0":{"name":"sum","decl":{"start":{"line":1,"column":16},"end":{"line":1,"column":19}},"loc":{"start":{"line":1,"column":40},"end":{"line":3,"column":1}}},"1":{"name":"divide","decl":{"start":{"line":5,"column":16},"end":{"line":5,"column":22}},"loc":{"start":{"line":5,"column":43},"end":{"line":7,"column":1}}}},"branchMap":{},"s":{"0":1,"1":1,"2":1,"3":1},"f":{"0":1,"1":1},"b":{}}
,"D:\\Workshop\\unitTest\\Jest\\circular.ts": {"path":"D:\\Workshop\\unitTest\\Jest\\circular.ts","statementMap":{"0":{"start":{"line":1,"column":17},"end":{"line":1,"column":18}},"1":{"start":{"line":2,"column":14},"end":{"line":2,"column":37}},"2":{"start":{"line":4,"column":11},"end":{"line":4,"column":12}},"3":{"start":{"line":5,"column":11},"end":{"line":5,"column":12}},"4":{"start":{"line":8,"column":4},"end":{"line":8,"column":24}},"5":{"start":{"line":9,"column":4},"end":{"line":9,"column":20}},"6":{"start":{"line":10,"column":4},"end":{"line":12,"column":null}},"7":{"start":{"line":11,"column":8},"end":{"line":11,"column":17}},"8":{"start":{"line":7,"column":0},"end":{"line":7,"column":16}},"9":{"start":{"line":26,"column":19},"end":{"line":26,"column":32}},"10":{"start":{"line":27,"column":4},"end":{"line":27,"column":20}},"11":{"start":{"line":28,"column":4},"end":{"line":30,"column":null}},"12":{"start":{"line":29,"column":8},"end":{"line":29,"column":17}},"13":{"start":{"line":31,"column":4},"end":{"line":31,"column":18}},"14":{"start":{"line":25,"column":0},"end":{"line":25,"column":16}}},"fnMap":{"0":{"name":"put","decl":{"start":{"line":7,"column":16},"end":{"line":7,"column":19}},"loc":{"start":{"line":7,"column":31},"end":{"line":14,"column":1}}},"1":{"name":"get","decl":{"start":{"line":25,"column":16},"end":{"line":25,"column":19}},"loc":{"start":{"line":25,"column":19},"end":{"line":32,"column":1}}}},"branchMap":{"0":{"loc":{"start":{"line":10,"column":4},"end":{"line":12,"column":null}},"type":"if","locations":[{"start":{"line":10,"column":4},"end":{"line":12,"column":null}}]},"1":{"loc":{"start":{"line":28,"column":4},"end":{"line":30,"column":null}},"type":"if","locations":[{"start":{"line":28,"column":4},"end":{"line":30,"column":null}}]}},"s":{"0":1,"1":1,"2":1,"3":1,"4":6,"5":6,"6":6,"7":1,"8":1,"9":6,"10":6,"11":6,"12":1,"13":6,"14":1},"f":{"0":6,"1":6},"b":{"0":[1],"1":[1]}}
}
